{"m":"csr","s":{"id":78,"v":0}}
0:[639]:STARTING
3:[505]:setup wifi:R_AP:
STA IP: 0.0.0.0
{"m":"csr","s":{"id":78,"v":0}}
62047:[271]:HTTP:send:-1:[0 msec]
{"m":"csr","s":{"id":79,"v":0}}
62060:[271]:HTTP:send:-1:[0 msec]
{"m":"csr","s":{"id":80,"v":0}}
62073:[271]:HTTP:send:-1:[0 msec]
{"m":"csr","s":{"id":81,"v":0}}
62086:[271]:HTTP:send:-1:[0 msec]
{"m":"csr","s":{"id":78,"v":0}}
129060:[271]:HTTP:send:-1:[7013 msec]
{"m":"csr","s":{"id":79,"v":0}}
129074:[271]:HTTP:send:-1:[0 msec]
{"m":"csr","s":{"id":80,"v":0}}
129087:[271]:HTTP:send:-1:[0 msec]
{"m":"csr","s":{"id":81,"v":0}}
129100:[271]:HTTP:send:-1:[0 msec]
{"m":"csr","s":{"id":78,"v":0}}
182048:[271]:HTTP:send:-1:[0 msec]
{"m":"csr","s":{"id":79,"v":0}}
182062:[271]:HTTP:send:-1:[0 msec]
{"m":"csr","s":{"id":80,"v":0}}
182075:[271]:HTTP:send:-1:[0 msec]
{"m":"csr","s":{"id":81,"v":0}}
182088:[271]:HTTP:send:-1:[0 msec]
{"m":"csr","s":{"id":78,"v":0}}
249061:[271]:HTTP:send:-1:[7013 msec]
{"m":"csr","s":{"id":79,"v":0}}
249074:[271]:HTTP:send:-1:[0 msec]
{"m":"csr","s":{"id":80,"v":0}}
249088:[271]:HTTP:send:-1:[0 msec]
{"m":"csr","s":{"id":81,"v":0}}
249101:[271]:HTTP:send:-1:[0 msec]
{"m":"csr","s":{"id":78,"v":0}}
302047:[271]:HTTP:send:-1:[0 msec]
{"m":"csr","s":{"id":79,"v":0}}
302060:[271]:HTTP:send:-1:[0 msec]
{"m":"csr","s":{"id":80,"v":0}}
302073:[271]:HTTP:send:-1:[0 msec]
{"m":"csr","s":{"id":81,"v":0}}
302087:[271]:HTTP:send:-1:[0 msec]
{"m":"csr","s":{"id":78,"v":0}}
369060:[271]:HTTP:send:-1:[7013 msec]
{"m":"csr","s":{"id":79,"v":0}}
369074:[271]:HTTP:send:-1:[0 msec]
{"m":"csr","s":{"id":80,"v":0}}
369087:[271]:HTTP:send:-1:[0 msec]
{"m":"csr","s":{"id":81,"v":0}}
369100:[271]:HTTP:send:-1:[0 msec]
{"m":"csr","s":{"id":78,"v":0}}
422048:[271]:HTTP:send:-1:[0 msec]
{"m":"csr","s":{"id":79,"v":0}}
422062:[271]:HTTP:send:-1:[0 msec]
{"m":"csr","s":{"id":80,"v":0}}
422075:[271]:HTTP:send:-1:[0 msec]
{"m":"csr","s":{"id":81,"v":0}}
422088:[271]:HTTP:send:-1:[0 msec]
{"m":"csr","s":{"id":78,"v":0}}
490074:[271]:HTTP:send:-1:[8026 msec]
{"m":"csr","s":{"id":79,"v":0}}
490087:[271]:HTTP:send:-1:[0 msec]
{"m":"csr","s":{"id":80,"v":0}}
490100:[271]:HTTP:send:-1:[0 msec]
{"m":"csr","s":{"id":81,"v":0}}
490114:[271]:HTTP:send:-1:[0 msec]
{"m":"csr","s":{"id":78,"v":0}}
542047:[271]:HTTP:send:-1:[0 msec]
{"m":"csr","s":{"id":79,"v":0}}
542060:[271]:HTTP:send:-1:[0 msec]
{"m":"csr","s":{"id":80,"v":0}}
542073:[271]:HTTP:send:-1:[0 msec]
{"m":"csr","s":{"id":81,"v":0}}
542087:[271]:HTTP:send:-1:[0 msec]
{"m":"csr","s":{"id":78,"v":0}}
609060:[271]:HTTP:send:-1:[7013 msec]
{"m":"csr","s":{"id":79,"v":0}}
609074:[271]:HTTP:send:-1:[0 msec]
{"m":"csr","s":{"id":80,"v":0}}
609087:[271]:HTTP:send:-1:[0 msec]
{"m":"csr","s":{"id":81,"v":0}}
609100:[271]:HTTP:send:-1:[0 msec]
{"m":"csr","s":{"id":78,"v":0}}
662048:[271]:HTTP:send:-1:[0 msec]
{"m":"csr","s":{"id":79,"v":0}}
662062:[271]:HTTP:send:-1:[0 msec]
{"m":"csr","s":{"id":80,"v":0}}
662075:[271]:HTTP:send:-1:[0 msec]
{"m":"csr","s":{"id":81,"v":0}}
662088:[271]:HTTP:send:-1:[0 msec]
{"m":"csr","s":{"id":78,"v":0}}
729061:[271]:HTTP:send:-1:[7013 msec]
{"m":"csr","s":{"id":79,"v":0}}
729074:[271]:HTTP:send:-1:[0 msec]
{"m":"csr","s":{"id":80,"v":0}}
729088:[271]:HTTP:send:-1:[0 msec]
{"m":"csr","s":{"id":81,"v":0}}
729101:[271]:HTTP:send:-1:[0 msec]
{"m":"csr","s":{"id":78,"v":0}}
782047:[271]:HTTP:send:-1:[0 msec]
{"m":"csr","s":{"id":79,"v":0}}
782060:[271]:HTTP:send:-1:[0 msec]
{"m":"csr","s":{"id":80,"v":0}}
782073:[271]:HTTP:send:-1:[0 msec]
{"m":"csr","s":{"id":81,"v":0}}
782087:[271]:HTTP:send:-1:[0 msec]
{"m":"csr","s":{"id":78,"v":0}}
849060:[271]:HTTP:send:-1:[7013 msec]
{"m":"csr","s":{"id":79,"v":0}}
849074:[271]:HTTP:send:-1:[0 msec]
{"m":"csr","s":{"id":80,"v":0}}
849087:[271]:HTTP:send:-1:[0 msec]
{"m":"csr","s":{"id":81,"v":0}}
849100:[271]:HTTP:send:-1:[0 msec]
{"m":"csr","s":{"id":78,"v":0}}
902048:[271]:HTTP:send:-1:[0 msec]
{"m":"csr","s":{"id":79,"v":0}}
902062:[271]:HTTP:send:-1:[0 msec]
{"m":"csr","s":{"id":80,"v":0}}
902075:[271]:HTTP:send:-1:[0 msec]
{"m":"csr","s":{"id":81,"v":0}}
902088:[271]:HTTP:send:-1:[0 msec]
{"m":"csr","s":{"id":78,"v":0}}
970074:[271]:HTTP:send:-1:[8026 msec]
{"m":"csr","s":{"id":79,"v":0}}
970087:[271]:HTTP:send:-1:[0 msec]
{"m":"csr","s":{"id":80,"v":0}}
970100:[271]:HTTP:send:-1:[0 msec]
{"m":"csr","s":{"id":81,"v":0}}
970114:[271]:HTTP:send:-1:[0 msec]
{"m":"csr","s":{"id":78,"v":0}}
1022047:[271]:HTTP:send:-1:[0 msec]
{"m":"csr","s":{"id":79,"v":0}}
1022060:[271]:HTTP:send:-1:[0 msec]
{"m":"csr","s":{"id":80,"v":0}}
1022074:[271]:HTTP:send:-1:[0 msec]
{"m":"csr","s":{"id":81,"v":0}}
1022088:[271]:HTTP:send:-1:[0 msec]
{"m":"csr","s":{"id":78,"v":0}}
1089060:[271]:HTTP:send:-1:[7013 msec]
{"m":"csr","s":{"id":79,"v":0}}
1089075:[271]:HTTP:send:-1:[0 msec]
{"m":"csr","s":{"id":80,"v":0}}
1089088:[271]:HTTP:send:-1:[0 msec]
{"m":"csr","s":{"id":81,"v":0}}
1089101:[271]:HTTP:send:-1:[0 msec]
{"m":"csr","s":{"id":78,"v":0}}
1142048:[271]:HTTP:send:-1:[0 msec]
{"m":"csr","s":{"id":79,"v":0}}
1142062:[271]:HTTP:send:-1:[0 msec]
{"m":"csr","s":{"id":80,"v":0}}
1142076:[271]:HTTP:send:-1:[0 msec]
{"m":"csr","s":{"id":81,"v":0}}
1142089:[271]:HTTP:send:-1:[0 msec]
{"m":"csr","s":{"id":78,"v":0}}
1209061:[271]:HTTP:send:-1:[7013 msec]
{"m":"csr","s":{"id":79,"v":0}}
1209075:[271]:HTTP:send:-1:[0 msec]
{"m":"csr","s":{"id":80,"v":0}}
1209089:[271]:HTTP:send:-1:[0 msec]
{"m":"csr","s":{"id":81,"v":0}}
1209102:[271]:HTTP:send:-1:[0 msec]
{"m":"csr","s":{"id":78,"v":0}}
1262047:[271]:HTTP:send:-1:[0 msec]
{"m":"csr","s":{"id":79,"v":0}}
1262060:[271]:HTTP:send:-1:[0 msec]
{"m":"csr","s":{"id":80,"v":0}}
1262074:[271]:HTTP:send:-1:[0 msec]
{"m":"csr","s":{"id":81,"v":0}}
1262088:[271]:HTTP:send:-1:[0 msec]
1318757:[131]:parse cmd:{"m":"cfg"}

{"m":"cfg","s":{"id":78,"cf":1.00}}
{"m":"cfg","s":{"id":79,"cf":1.00}}
{"m":"cfg","s":{"id":80,"cf":1.00}}
{"m":"cfg","s":{"id":81,"cf":1.00}}
{"m":"cfg","rap":""}
{"m":"cfg","rpw":""}
{"m":"cfg","sip":"255.255.255.255"}
{"m":"cfg","sp":-1}
{"m":"cfg","lip":"0.0.0.0"}
1318818:[-1811]:EEPROM:written:0 bytes
{"m":"csr","s":{"id":78,"v":0}}
1327889:[-11050]:HTTP:send:-1:[7013 msec]
{"m":"csr","s":{"id":79,"v":0}}
1327903:[-1551]:HTTP:send:-1:[0 msec]
{"m":"csr","s":{"id":80,"v":0}}
1327918:[-11050]:HTTP:send:-1:[0 msec]
{"m":"csr","s":{"id":81,"v":0}}
1327932:[-3793]:HTTP:send:-1:[0 msec]
{"m":"csr","s":{"id":78,"v":0}}
1380049:[-11]:HTTP:send:-1:[0 msec]
{"m":"csr","s":{"id":79,"v":0}}
1380063:[-1545]:HTTP:send:-1:[0 msec]
{"m":"csr","s":{"id":80,"v":0}}
1380077:[-11050]:HTTP:send:-1:[0 msec]
{"m":"csr","s":{"id":81,"v":0}}
1380091:[-11050]:HTTP:send:-1:[0 msec]
{"m":"csr","s":{"id":78,"v":0}}
1448075:[-11050]:HTTP:send:-1:[8026 msec]
{"m":"csr","s":{"id":79,"v":0}}
1448089:[-7]:HTTP:send:-1:[0 msec]
{"m":"csr","s":{"id":80,"v":0}}
1448102:[-1807]:HTTP:send:-1:[0 msec]
{"m":"csr","s":{"id":81,"v":0}}
1448117:[-11050]:HTTP:send:-1:[0 msec]
{"m":"csr","s":{"id":78,"v":0}}
1500048:[-267]:HTTP:send:-1:[0 msec]
{"m":"csr","s":{"id":79,"v":0}}
1500061:[-2057]:HTTP:send:-1:[0 msec]
{"m":"csr","s":{"id":80,"v":0}}
1500076:[-776]:HTTP:send:-1:[0 msec]
{"m":"csr","s":{"id":81,"v":0}}
1500090:[-2310]:HTTP:send:-1:[0 msec]
{"m":"csr","s":{"id":78,"v":0}}
1567063:[
