23:01:18 **** Build of configuration Release for project HomeKeeper ****
make all 
Building file: ../HomeKeeper.cpp
Starting C++ compile
"/usr/bin/avr-g++" -c -g -Os -fno-exceptions -ffunction-sections -fdata-sections -fno-threadsafe-statics -MMD -mmcu=atmega328p -DF_CPU=16000000L -DARDUINO=164 -DARDUINO_AVR_UNO -DARDUINO_ARCH_AVR     -I"/usr/share/arduino/hardware/arduino/avr/cores/arduino" -I"/usr/share/arduino/hardware/arduino/avr/variants/standard" -I"/home/slg/Arduino/libraries/aJson" -I"/home/slg/Arduino/libraries/aJson/utility" -I"/home/slg/Arduino/libraries/EEPROMEx" -MMD -MP -MF"HomeKeeper.cpp.d" -MT"HomeKeeper.cpp.o" -D__IN_ECLIPSE__=1 -x c++ "../HomeKeeper.cpp"  -o  "HomeKeeper.cpp.o"   -Wall
Finished building: ../HomeKeeper.cpp
 
Building file: /home/slg/Arduino/libraries/aJson/utility/stringbuffer.c
Starting C compile
"/usr/bin/avr-gcc" -c -g -Os -ffunction-sections -fdata-sections -MMD -mmcu=atmega328p -DF_CPU=16000000L -DARDUINO=164 -DARDUINO_AVR_UNO -DARDUINO_ARCH_AVR     -I"/usr/share/arduino/hardware/arduino/avr/cores/arduino" -I"/usr/share/arduino/hardware/arduino/avr/variants/standard" -I"/home/slg/Arduino/libraries/aJson" -I"/home/slg/Arduino/libraries/aJson/utility" -I"/home/slg/Arduino/libraries/EEPROMEx" -MMD -MP -MF"Libraries/aJson/utility/stringbuffer.c.d" -MT"Libraries/aJson/utility/stringbuffer.c.o" -D__IN_ECLIPSE__=1 "/home/slg/Arduino/libraries/aJson/utility/stringbuffer.c"  -o  "Libraries/aJson/utility/stringbuffer.c.o"   -Wall
Finished building: /home/slg/Arduino/libraries/aJson/utility/stringbuffer.c
 
Building file: /home/slg/Arduino/libraries/aJson/aJSON.cpp
Starting C++ compile
"/usr/bin/avr-g++" -c -g -Os -fno-exceptions -ffunction-sections -fdata-sections -fno-threadsafe-statics -MMD -mmcu=atmega328p -DF_CPU=16000000L -DARDUINO=164 -DARDUINO_AVR_UNO -DARDUINO_ARCH_AVR     -I"/usr/share/arduino/hardware/arduino/avr/cores/arduino" -I"/usr/share/arduino/hardware/arduino/avr/variants/standard" -I"/home/slg/Arduino/libraries/aJson" -I"/home/slg/Arduino/libraries/aJson/utility" -I"/home/slg/Arduino/libraries/EEPROMEx" -MMD -MP -MF"Libraries/aJson/aJSON.cpp.d" -MT"Libraries/aJson/aJSON.cpp.o" -D__IN_ECLIPSE__=1 -x c++ "/home/slg/Arduino/libraries/aJson/aJSON.cpp"  -o  "Libraries/aJson/aJSON.cpp.o"   -Wall
/home/slg/Arduino/libraries/aJson/aJSON.cpp: In member function ‘int aJsonStream::printArray(aJsonObject*)’:
/home/slg/Arduino/libraries/aJson/aJSON.cpp:776:24: warning: comparison between signed and unsigned integer expressions [-Wsign-compare]
   if (this->print('[') == EOF)
                        ^
/home/slg/Arduino/libraries/aJson/aJSON.cpp:789:32: warning: comparison between signed and unsigned integer expressions [-Wsign-compare]
           if (this->print(',') == EOF)
                                ^
/home/slg/Arduino/libraries/aJson/aJSON.cpp:795:24: warning: comparison between signed and unsigned integer expressions [-Wsign-compare]
   if (this->print(']') == EOF)
                        ^
/home/slg/Arduino/libraries/aJson/aJSON.cpp: In member function ‘int aJsonStream::printObject(aJsonObject*)’:
/home/slg/Arduino/libraries/aJson/aJSON.cpp:887:24: warning: comparison between signed and unsigned integer expressions [-Wsign-compare]
   if (this->print('{') == EOF)
                        ^
/home/slg/Arduino/libraries/aJson/aJSON.cpp:897:28: warning: comparison between signed and unsigned integer expressions [-Wsign-compare]
       if (this->print(':') == EOF)
                            ^
/home/slg/Arduino/libraries/aJson/aJSON.cpp:908:32: warning: comparison between signed and unsigned integer expressions [-Wsign-compare]
           if (this->print(',') == EOF)
                                ^
/home/slg/Arduino/libraries/aJson/aJSON.cpp:914:24: warning: comparison between signed and unsigned integer expressions [-Wsign-compare]
   if (this->print('}') == EOF)
                        ^
Finished building: /home/slg/Arduino/libraries/aJson/aJSON.cpp
 
Building file: /home/slg/Arduino/libraries/EEPROMEx/EEPROMex.cpp
Starting C++ compile
"/usr/bin/avr-g++" -c -g -Os -fno-exceptions -ffunction-sections -fdata-sections -fno-threadsafe-statics -MMD -mmcu=atmega328p -DF_CPU=16000000L -DARDUINO=164 -DARDUINO_AVR_UNO -DARDUINO_ARCH_AVR     -I"/usr/share/arduino/hardware/arduino/avr/cores/arduino" -I"/usr/share/arduino/hardware/arduino/avr/variants/standard" -I"/home/slg/Arduino/libraries/aJson" -I"/home/slg/Arduino/libraries/aJson/utility" -I"/home/slg/Arduino/libraries/EEPROMEx" -MMD -MP -MF"Libraries/EEPROMEx/EEPROMex.cpp.d" -MT"Libraries/EEPROMEx/EEPROMex.cpp.o" -D__IN_ECLIPSE__=1 -x c++ "/home/slg/Arduino/libraries/EEPROMEx/EEPROMex.cpp"  -o  "Libraries/EEPROMEx/EEPROMex.cpp.o"   -Wall
Finished building: /home/slg/Arduino/libraries/EEPROMEx/EEPROMex.cpp
 
Building file: /usr/share/arduino/hardware/arduino/avr/cores/arduino/CDC.cpp
Starting C++ compile
"/usr/bin/avr-g++" -c -g -Os -fno-exceptions -ffunction-sections -fdata-sections -fno-threadsafe-statics -MMD -mmcu=atmega328p -DF_CPU=16000000L -DARDUINO=164 -DARDUINO_AVR_UNO -DARDUINO_ARCH_AVR     -I"/usr/share/arduino/hardware/arduino/avr/cores/arduino" -I"/usr/share/arduino/hardware/arduino/avr/variants/standard" -I"/home/slg/Arduino/libraries/aJson" -I"/home/slg/Arduino/libraries/aJson/utility" -I"/home/slg/Arduino/libraries/EEPROMEx" -MMD -MP -MF"arduino/CDC.cpp.d" -MT"arduino/CDC.cpp.o" -D__IN_ECLIPSE__=1 -x c++ "/usr/share/arduino/hardware/arduino/avr/cores/arduino/CDC.cpp"  -o  "arduino/CDC.cpp.o"   -Wall
Finished building: /usr/share/arduino/hardware/arduino/avr/cores/arduino/CDC.cpp
 
Building file: /usr/share/arduino/hardware/arduino/avr/cores/arduino/HID.cpp
Starting C++ compile
"/usr/bin/avr-g++" -c -g -Os -fno-exceptions -ffunction-sections -fdata-sections -fno-threadsafe-statics -MMD -mmcu=atmega328p -DF_CPU=16000000L -DARDUINO=164 -DARDUINO_AVR_UNO -DARDUINO_ARCH_AVR     -I"/usr/share/arduino/hardware/arduino/avr/cores/arduino" -I"/usr/share/arduino/hardware/arduino/avr/variants/standard" -I"/home/slg/Arduino/libraries/aJson" -I"/home/slg/Arduino/libraries/aJson/utility" -I"/home/slg/Arduino/libraries/EEPROMEx" -MMD -MP -MF"arduino/HID.cpp.d" -MT"arduino/HID.cpp.o" -D__IN_ECLIPSE__=1 -x c++ "/usr/share/arduino/hardware/arduino/avr/cores/arduino/HID.cpp"  -o  "arduino/HID.cpp.o"   -Wall
Finished building: /usr/share/arduino/hardware/arduino/avr/cores/arduino/HID.cpp
 
Building file: /usr/share/arduino/hardware/arduino/avr/cores/arduino/HardwareSerial.cpp
Starting C++ compile
"/usr/bin/avr-g++" -c -g -Os -fno-exceptions -ffunction-sections -fdata-sections -fno-threadsafe-statics -MMD -mmcu=atmega328p -DF_CPU=16000000L -DARDUINO=164 -DARDUINO_AVR_UNO -DARDUINO_ARCH_AVR     -I"/usr/share/arduino/hardware/arduino/avr/cores/arduino" -I"/usr/share/arduino/hardware/arduino/avr/variants/standard" -I"/home/slg/Arduino/libraries/aJson" -I"/home/slg/Arduino/libraries/aJson/utility" -I"/home/slg/Arduino/libraries/EEPROMEx" -MMD -MP -MF"arduino/HardwareSerial.cpp.d" -MT"arduino/HardwareSerial.cpp.o" -D__IN_ECLIPSE__=1 -x c++ "/usr/share/arduino/hardware/arduino/avr/cores/arduino/HardwareSerial.cpp"  -o  "arduino/HardwareSerial.cpp.o"   -Wall
Finished building: /usr/share/arduino/hardware/arduino/avr/cores/arduino/HardwareSerial.cpp
 
Building file: /usr/share/arduino/hardware/arduino/avr/cores/arduino/HardwareSerial0.cpp
Starting C++ compile
"/usr/bin/avr-g++" -c -g -Os -fno-exceptions -ffunction-sections -fdata-sections -fno-threadsafe-statics -MMD -mmcu=atmega328p -DF_CPU=16000000L -DARDUINO=164 -DARDUINO_AVR_UNO -DARDUINO_ARCH_AVR     -I"/usr/share/arduino/hardware/arduino/avr/cores/arduino" -I"/usr/share/arduino/hardware/arduino/avr/variants/standard" -I"/home/slg/Arduino/libraries/aJson" -I"/home/slg/Arduino/libraries/aJson/utility" -I"/home/slg/Arduino/libraries/EEPROMEx" -MMD -MP -MF"arduino/HardwareSerial0.cpp.d" -MT"arduino/HardwareSerial0.cpp.o" -D__IN_ECLIPSE__=1 -x c++ "/usr/share/arduino/hardware/arduino/avr/cores/arduino/HardwareSerial0.cpp"  -o  "arduino/HardwareSerial0.cpp.o"   -Wall
Finished building: /usr/share/arduino/hardware/arduino/avr/cores/arduino/HardwareSerial0.cpp
 
Building file: /usr/share/arduino/hardware/arduino/avr/cores/arduino/HardwareSerial1.cpp
Starting C++ compile
"/usr/bin/avr-g++" -c -g -Os -fno-exceptions -ffunction-sections -fdata-sections -fno-threadsafe-statics -MMD -mmcu=atmega328p -DF_CPU=16000000L -DARDUINO=164 -DARDUINO_AVR_UNO -DARDUINO_ARCH_AVR     -I"/usr/share/arduino/hardware/arduino/avr/cores/arduino" -I"/usr/share/arduino/hardware/arduino/avr/variants/standard" -I"/home/slg/Arduino/libraries/aJson" -I"/home/slg/Arduino/libraries/aJson/utility" -I"/home/slg/Arduino/libraries/EEPROMEx" -MMD -MP -MF"arduino/HardwareSerial1.cpp.d" -MT"arduino/HardwareSerial1.cpp.o" -D__IN_ECLIPSE__=1 -x c++ "/usr/share/arduino/hardware/arduino/avr/cores/arduino/HardwareSerial1.cpp"  -o  "arduino/HardwareSerial1.cpp.o"   -Wall
Finished building: /usr/share/arduino/hardware/arduino/avr/cores/arduino/HardwareSerial1.cpp
 
Building file: /usr/share/arduino/hardware/arduino/avr/cores/arduino/HardwareSerial2.cpp
Starting C++ compile
"/usr/bin/avr-g++" -c -g -Os -fno-exceptions -ffunction-sections -fdata-sections -fno-threadsafe-statics -MMD -mmcu=atmega328p -DF_CPU=16000000L -DARDUINO=164 -DARDUINO_AVR_UNO -DARDUINO_ARCH_AVR     -I"/usr/share/arduino/hardware/arduino/avr/cores/arduino" -I"/usr/share/arduino/hardware/arduino/avr/variants/standard" -I"/home/slg/Arduino/libraries/aJson" -I"/home/slg/Arduino/libraries/aJson/utility" -I"/home/slg/Arduino/libraries/EEPROMEx" -MMD -MP -MF"arduino/HardwareSerial2.cpp.d" -MT"arduino/HardwareSerial2.cpp.o" -D__IN_ECLIPSE__=1 -x c++ "/usr/share/arduino/hardware/arduino/avr/cores/arduino/HardwareSerial2.cpp"  -o  "arduino/HardwareSerial2.cpp.o"   -Wall
Finished building: /usr/share/arduino/hardware/arduino/avr/cores/arduino/HardwareSerial2.cpp
 
Building file: /usr/share/arduino/hardware/arduino/avr/cores/arduino/HardwareSerial3.cpp
Starting C++ compile
"/usr/bin/avr-g++" -c -g -Os -fno-exceptions -ffunction-sections -fdata-sections -fno-threadsafe-statics -MMD -mmcu=atmega328p -DF_CPU=16000000L -DARDUINO=164 -DARDUINO_AVR_UNO -DARDUINO_ARCH_AVR     -I"/usr/share/arduino/hardware/arduino/avr/cores/arduino" -I"/usr/share/arduino/hardware/arduino/avr/variants/standard" -I"/home/slg/Arduino/libraries/aJson" -I"/home/slg/Arduino/libraries/aJson/utility" -I"/home/slg/Arduino/libraries/EEPROMEx" -MMD -MP -MF"arduino/HardwareSerial3.cpp.d" -MT"arduino/HardwareSerial3.cpp.o" -D__IN_ECLIPSE__=1 -x c++ "/usr/share/arduino/hardware/arduino/avr/cores/arduino/HardwareSerial3.cpp"  -o  "arduino/HardwareSerial3.cpp.o"   -Wall
Finished building: /usr/share/arduino/hardware/arduino/avr/cores/arduino/HardwareSerial3.cpp
 
Building file: /usr/share/arduino/hardware/arduino/avr/cores/arduino/IPAddress.cpp
Starting C++ compile
"/usr/bin/avr-g++" -c -g -Os -fno-exceptions -ffunction-sections -fdata-sections -fno-threadsafe-statics -MMD -mmcu=atmega328p -DF_CPU=16000000L -DARDUINO=164 -DARDUINO_AVR_UNO -DARDUINO_ARCH_AVR     -I"/usr/share/arduino/hardware/arduino/avr/cores/arduino" -I"/usr/share/arduino/hardware/arduino/avr/variants/standard" -I"/home/slg/Arduino/libraries/aJson" -I"/home/slg/Arduino/libraries/aJson/utility" -I"/home/slg/Arduino/libraries/EEPROMEx" -MMD -MP -MF"arduino/IPAddress.cpp.d" -MT"arduino/IPAddress.cpp.o" -D__IN_ECLIPSE__=1 -x c++ "/usr/share/arduino/hardware/arduino/avr/cores/arduino/IPAddress.cpp"  -o  "arduino/IPAddress.cpp.o"   -Wall
Finished building: /usr/share/arduino/hardware/arduino/avr/cores/arduino/IPAddress.cpp
 
Building file: /usr/share/arduino/hardware/arduino/avr/cores/arduino/Print.cpp
Starting C++ compile
"/usr/bin/avr-g++" -c -g -Os -fno-exceptions -ffunction-sections -fdata-sections -fno-threadsafe-statics -MMD -mmcu=atmega328p -DF_CPU=16000000L -DARDUINO=164 -DARDUINO_AVR_UNO -DARDUINO_ARCH_AVR     -I"/usr/share/arduino/hardware/arduino/avr/cores/arduino" -I"/usr/share/arduino/hardware/arduino/avr/variants/standard" -I"/home/slg/Arduino/libraries/aJson" -I"/home/slg/Arduino/libraries/aJson/utility" -I"/home/slg/Arduino/libraries/EEPROMEx" -MMD -MP -MF"arduino/Print.cpp.d" -MT"arduino/Print.cpp.o" -D__IN_ECLIPSE__=1 -x c++ "/usr/share/arduino/hardware/arduino/avr/cores/arduino/Print.cpp"  -o  "arduino/Print.cpp.o"   -Wall
Finished building: /usr/share/arduino/hardware/arduino/avr/cores/arduino/Print.cpp
 
Building file: /usr/share/arduino/hardware/arduino/avr/cores/arduino/Stream.cpp
Starting C++ compile
"/usr/bin/avr-g++" -c -g -Os -fno-exceptions -ffunction-sections -fdata-sections -fno-threadsafe-statics -MMD -mmcu=atmega328p -DF_CPU=16000000L -DARDUINO=164 -DARDUINO_AVR_UNO -DARDUINO_ARCH_AVR     -I"/usr/share/arduino/hardware/arduino/avr/cores/arduino" -I"/usr/share/arduino/hardware/arduino/avr/variants/standard" -I"/home/slg/Arduino/libraries/aJson" -I"/home/slg/Arduino/libraries/aJson/utility" -I"/home/slg/Arduino/libraries/EEPROMEx" -MMD -MP -MF"arduino/Stream.cpp.d" -MT"arduino/Stream.cpp.o" -D__IN_ECLIPSE__=1 -x c++ "/usr/share/arduino/hardware/arduino/avr/cores/arduino/Stream.cpp"  -o  "arduino/Stream.cpp.o"   -Wall
Finished building: /usr/share/arduino/hardware/arduino/avr/cores/arduino/Stream.cpp
 
Building file: /usr/share/arduino/hardware/arduino/avr/cores/arduino/Tone.cpp
Starting C++ compile
"/usr/bin/avr-g++" -c -g -Os -fno-exceptions -ffunction-sections -fdata-sections -fno-threadsafe-statics -MMD -mmcu=atmega328p -DF_CPU=16000000L -DARDUINO=164 -DARDUINO_AVR_UNO -DARDUINO_ARCH_AVR     -I"/usr/share/arduino/hardware/arduino/avr/cores/arduino" -I"/usr/share/arduino/hardware/arduino/avr/variants/standard" -I"/home/slg/Arduino/libraries/aJson" -I"/home/slg/Arduino/libraries/aJson/utility" -I"/home/slg/Arduino/libraries/EEPROMEx" -MMD -MP -MF"arduino/Tone.cpp.d" -MT"arduino/Tone.cpp.o" -D__IN_ECLIPSE__=1 -x c++ "/usr/share/arduino/hardware/arduino/avr/cores/arduino/Tone.cpp"  -o  "arduino/Tone.cpp.o"   -Wall
Finished building: /usr/share/arduino/hardware/arduino/avr/cores/arduino/Tone.cpp
 
Building file: /usr/share/arduino/hardware/arduino/avr/cores/arduino/USBCore.cpp
Starting C++ compile
"/usr/bin/avr-g++" -c -g -Os -fno-exceptions -ffunction-sections -fdata-sections -fno-threadsafe-statics -MMD -mmcu=atmega328p -DF_CPU=16000000L -DARDUINO=164 -DARDUINO_AVR_UNO -DARDUINO_ARCH_AVR     -I"/usr/share/arduino/hardware/arduino/avr/cores/arduino" -I"/usr/share/arduino/hardware/arduino/avr/variants/standard" -I"/home/slg/Arduino/libraries/aJson" -I"/home/slg/Arduino/libraries/aJson/utility" -I"/home/slg/Arduino/libraries/EEPROMEx" -MMD -MP -MF"arduino/USBCore.cpp.d" -MT"arduino/USBCore.cpp.o" -D__IN_ECLIPSE__=1 -x c++ "/usr/share/arduino/hardware/arduino/avr/cores/arduino/USBCore.cpp"  -o  "arduino/USBCore.cpp.o"   -Wall
Finished building: /usr/share/arduino/hardware/arduino/avr/cores/arduino/USBCore.cpp
 
Building file: /usr/share/arduino/hardware/arduino/avr/cores/arduino/WInterrupts.c
Starting C compile
"/usr/bin/avr-gcc" -c -g -Os -ffunction-sections -fdata-sections -MMD -mmcu=atmega328p -DF_CPU=16000000L -DARDUINO=164 -DARDUINO_AVR_UNO -DARDUINO_ARCH_AVR     -I"/usr/share/arduino/hardware/arduino/avr/cores/arduino" -I"/usr/share/arduino/hardware/arduino/avr/variants/standard" -I"/home/slg/Arduino/libraries/aJson" -I"/home/slg/Arduino/libraries/aJson/utility" -I"/home/slg/Arduino/libraries/EEPROMEx" -MMD -MP -MF"arduino/WInterrupts.c.d" -MT"arduino/WInterrupts.c.o" -D__IN_ECLIPSE__=1 "/usr/share/arduino/hardware/arduino/avr/cores/arduino/WInterrupts.c"  -o  "arduino/WInterrupts.c.o"   -Wall
Finished building: /usr/share/arduino/hardware/arduino/avr/cores/arduino/WInterrupts.c
 
Building file: /usr/share/arduino/hardware/arduino/avr/cores/arduino/WMath.cpp
Starting C++ compile
"/usr/bin/avr-g++" -c -g -Os -fno-exceptions -ffunction-sections -fdata-sections -fno-threadsafe-statics -MMD -mmcu=atmega328p -DF_CPU=16000000L -DARDUINO=164 -DARDUINO_AVR_UNO -DARDUINO_ARCH_AVR     -I"/usr/share/arduino/hardware/arduino/avr/cores/arduino" -I"/usr/share/arduino/hardware/arduino/avr/variants/standard" -I"/home/slg/Arduino/libraries/aJson" -I"/home/slg/Arduino/libraries/aJson/utility" -I"/home/slg/Arduino/libraries/EEPROMEx" -MMD -MP -MF"arduino/WMath.cpp.d" -MT"arduino/WMath.cpp.o" -D__IN_ECLIPSE__=1 -x c++ "/usr/share/arduino/hardware/arduino/avr/cores/arduino/WMath.cpp"  -o  "arduino/WMath.cpp.o"   -Wall
Finished building: /usr/share/arduino/hardware/arduino/avr/cores/arduino/WMath.cpp
 
Building file: /usr/share/arduino/hardware/arduino/avr/cores/arduino/WString.cpp
Starting C++ compile
"/usr/bin/avr-g++" -c -g -Os -fno-exceptions -ffunction-sections -fdata-sections -fno-threadsafe-statics -MMD -mmcu=atmega328p -DF_CPU=16000000L -DARDUINO=164 -DARDUINO_AVR_UNO -DARDUINO_ARCH_AVR     -I"/usr/share/arduino/hardware/arduino/avr/cores/arduino" -I"/usr/share/arduino/hardware/arduino/avr/variants/standard" -I"/home/slg/Arduino/libraries/aJson" -I"/home/slg/Arduino/libraries/aJson/utility" -I"/home/slg/Arduino/libraries/EEPROMEx" -MMD -MP -MF"arduino/WString.cpp.d" -MT"arduino/WString.cpp.o" -D__IN_ECLIPSE__=1 -x c++ "/usr/share/arduino/hardware/arduino/avr/cores/arduino/WString.cpp"  -o  "arduino/WString.cpp.o"   -Wall
Finished building: /usr/share/arduino/hardware/arduino/avr/cores/arduino/WString.cpp
 
Building file: /usr/share/arduino/hardware/arduino/avr/cores/arduino/abi.cpp
Starting C++ compile
"/usr/bin/avr-g++" -c -g -Os -fno-exceptions -ffunction-sections -fdata-sections -fno-threadsafe-statics -MMD -mmcu=atmega328p -DF_CPU=16000000L -DARDUINO=164 -DARDUINO_AVR_UNO -DARDUINO_ARCH_AVR     -I"/usr/share/arduino/hardware/arduino/avr/cores/arduino" -I"/usr/share/arduino/hardware/arduino/avr/variants/standard" -I"/home/slg/Arduino/libraries/aJson" -I"/home/slg/Arduino/libraries/aJson/utility" -I"/home/slg/Arduino/libraries/EEPROMEx" -MMD -MP -MF"arduino/abi.cpp.d" -MT"arduino/abi.cpp.o" -D__IN_ECLIPSE__=1 -x c++ "/usr/share/arduino/hardware/arduino/avr/cores/arduino/abi.cpp"  -o  "arduino/abi.cpp.o"   -Wall
Finished building: /usr/share/arduino/hardware/arduino/avr/cores/arduino/abi.cpp
 
Building file: /usr/share/arduino/hardware/arduino/avr/cores/arduino/hooks.c
Starting C compile
"/usr/bin/avr-gcc" -c -g -Os -ffunction-sections -fdata-sections -MMD -mmcu=atmega328p -DF_CPU=16000000L -DARDUINO=164 -DARDUINO_AVR_UNO -DARDUINO_ARCH_AVR     -I"/usr/share/arduino/hardware/arduino/avr/cores/arduino" -I"/usr/share/arduino/hardware/arduino/avr/variants/standard" -I"/home/slg/Arduino/libraries/aJson" -I"/home/slg/Arduino/libraries/aJson/utility" -I"/home/slg/Arduino/libraries/EEPROMEx" -MMD -MP -MF"arduino/hooks.c.d" -MT"arduino/hooks.c.o" -D__IN_ECLIPSE__=1 "/usr/share/arduino/hardware/arduino/avr/cores/arduino/hooks.c"  -o  "arduino/hooks.c.o"   -Wall
Finished building: /usr/share/arduino/hardware/arduino/avr/cores/arduino/hooks.c
 
Building file: /usr/share/arduino/hardware/arduino/avr/cores/arduino/main.cpp
Starting C++ compile
"/usr/bin/avr-g++" -c -g -Os -fno-exceptions -ffunction-sections -fdata-sections -fno-threadsafe-statics -MMD -mmcu=atmega328p -DF_CPU=16000000L -DARDUINO=164 -DARDUINO_AVR_UNO -DARDUINO_ARCH_AVR     -I"/usr/share/arduino/hardware/arduino/avr/cores/arduino" -I"/usr/share/arduino/hardware/arduino/avr/variants/standard" -I"/home/slg/Arduino/libraries/aJson" -I"/home/slg/Arduino/libraries/aJson/utility" -I"/home/slg/Arduino/libraries/EEPROMEx" -MMD -MP -MF"arduino/main.cpp.d" -MT"arduino/main.cpp.o" -D__IN_ECLIPSE__=1 -x c++ "/usr/share/arduino/hardware/arduino/avr/cores/arduino/main.cpp"  -o  "arduino/main.cpp.o"   -Wall
Finished building: /usr/share/arduino/hardware/arduino/avr/cores/arduino/main.cpp
 
Building file: /usr/share/arduino/hardware/arduino/avr/cores/arduino/new.cpp
Starting C++ compile
"/usr/bin/avr-g++" -c -g -Os -fno-exceptions -ffunction-sections -fdata-sections -fno-threadsafe-statics -MMD -mmcu=atmega328p -DF_CPU=16000000L -DARDUINO=164 -DARDUINO_AVR_UNO -DARDUINO_ARCH_AVR     -I"/usr/share/arduino/hardware/arduino/avr/cores/arduino" -I"/usr/share/arduino/hardware/arduino/avr/variants/standard" -I"/home/slg/Arduino/libraries/aJson" -I"/home/slg/Arduino/libraries/aJson/utility" -I"/home/slg/Arduino/libraries/EEPROMEx" -MMD -MP -MF"arduino/new.cpp.d" -MT"arduino/new.cpp.o" -D__IN_ECLIPSE__=1 -x c++ "/usr/share/arduino/hardware/arduino/avr/cores/arduino/new.cpp"  -o  "arduino/new.cpp.o"   -Wall
Finished building: /usr/share/arduino/hardware/arduino/avr/cores/arduino/new.cpp
 
Building file: /usr/share/arduino/hardware/arduino/avr/cores/arduino/wiring.c
Starting C compile
"/usr/bin/avr-gcc" -c -g -Os -ffunction-sections -fdata-sections -MMD -mmcu=atmega328p -DF_CPU=16000000L -DARDUINO=164 -DARDUINO_AVR_UNO -DARDUINO_ARCH_AVR     -I"/usr/share/arduino/hardware/arduino/avr/cores/arduino" -I"/usr/share/arduino/hardware/arduino/avr/variants/standard" -I"/home/slg/Arduino/libraries/aJson" -I"/home/slg/Arduino/libraries/aJson/utility" -I"/home/slg/Arduino/libraries/EEPROMEx" -MMD -MP -MF"arduino/wiring.c.d" -MT"arduino/wiring.c.o" -D__IN_ECLIPSE__=1 "/usr/share/arduino/hardware/arduino/avr/cores/arduino/wiring.c"  -o  "arduino/wiring.c.o"   -Wall
Finished building: /usr/share/arduino/hardware/arduino/avr/cores/arduino/wiring.c
 
Building file: /usr/share/arduino/hardware/arduino/avr/cores/arduino/wiring_analog.c
Starting C compile
"/usr/bin/avr-gcc" -c -g -Os -ffunction-sections -fdata-sections -MMD -mmcu=atmega328p -DF_CPU=16000000L -DARDUINO=164 -DARDUINO_AVR_UNO -DARDUINO_ARCH_AVR     -I"/usr/share/arduino/hardware/arduino/avr/cores/arduino" -I"/usr/share/arduino/hardware/arduino/avr/variants/standard" -I"/home/slg/Arduino/libraries/aJson" -I"/home/slg/Arduino/libraries/aJson/utility" -I"/home/slg/Arduino/libraries/EEPROMEx" -MMD -MP -MF"arduino/wiring_analog.c.d" -MT"arduino/wiring_analog.c.o" -D__IN_ECLIPSE__=1 "/usr/share/arduino/hardware/arduino/avr/cores/arduino/wiring_analog.c"  -o  "arduino/wiring_analog.c.o"   -Wall
Finished building: /usr/share/arduino/hardware/arduino/avr/cores/arduino/wiring_analog.c
 
Building file: /usr/share/arduino/hardware/arduino/avr/cores/arduino/wiring_digital.c
Starting C compile
"/usr/bin/avr-gcc" -c -g -Os -ffunction-sections -fdata-sections -MMD -mmcu=atmega328p -DF_CPU=16000000L -DARDUINO=164 -DARDUINO_AVR_UNO -DARDUINO_ARCH_AVR     -I"/usr/share/arduino/hardware/arduino/avr/cores/arduino" -I"/usr/share/arduino/hardware/arduino/avr/variants/standard" -I"/home/slg/Arduino/libraries/aJson" -I"/home/slg/Arduino/libraries/aJson/utility" -I"/home/slg/Arduino/libraries/EEPROMEx" -MMD -MP -MF"arduino/wiring_digital.c.d" -MT"arduino/wiring_digital.c.o" -D__IN_ECLIPSE__=1 "/usr/share/arduino/hardware/arduino/avr/cores/arduino/wiring_digital.c"  -o  "arduino/wiring_digital.c.o"   -Wall
Finished building: /usr/share/arduino/hardware/arduino/avr/cores/arduino/wiring_digital.c
 
Building file: /usr/share/arduino/hardware/arduino/avr/cores/arduino/wiring_pulse.c
Starting C compile
"/usr/bin/avr-gcc" -c -g -Os -ffunction-sections -fdata-sections -MMD -mmcu=atmega328p -DF_CPU=16000000L -DARDUINO=164 -DARDUINO_AVR_UNO -DARDUINO_ARCH_AVR     -I"/usr/share/arduino/hardware/arduino/avr/cores/arduino" -I"/usr/share/arduino/hardware/arduino/avr/variants/standard" -I"/home/slg/Arduino/libraries/aJson" -I"/home/slg/Arduino/libraries/aJson/utility" -I"/home/slg/Arduino/libraries/EEPROMEx" -MMD -MP -MF"arduino/wiring_pulse.c.d" -MT"arduino/wiring_pulse.c.o" -D__IN_ECLIPSE__=1 "/usr/share/arduino/hardware/arduino/avr/cores/arduino/wiring_pulse.c"  -o  "arduino/wiring_pulse.c.o"   -Wall
/usr/share/arduino/hardware/arduino/avr/cores/arduino/wiring_pulse.c: In function ‘pulseIn’:
/usr/share/arduino/hardware/arduino/avr/cores/arduino/wiring_pulse.c:81:3: warning: #warning "pulseIn() results may not be accurate" [-Wcpp]
  #warning "pulseIn() results may not be accurate"
   ^
Finished building: /usr/share/arduino/hardware/arduino/avr/cores/arduino/wiring_pulse.c
 
Building file: /usr/share/arduino/hardware/arduino/avr/cores/arduino/wiring_shift.c
Starting C compile
"/usr/bin/avr-gcc" -c -g -Os -ffunction-sections -fdata-sections -MMD -mmcu=atmega328p -DF_CPU=16000000L -DARDUINO=164 -DARDUINO_AVR_UNO -DARDUINO_ARCH_AVR     -I"/usr/share/arduino/hardware/arduino/avr/cores/arduino" -I"/usr/share/arduino/hardware/arduino/avr/variants/standard" -I"/home/slg/Arduino/libraries/aJson" -I"/home/slg/Arduino/libraries/aJson/utility" -I"/home/slg/Arduino/libraries/EEPROMEx" -MMD -MP -MF"arduino/wiring_shift.c.d" -MT"arduino/wiring_shift.c.o" -D__IN_ECLIPSE__=1 "/usr/share/arduino/hardware/arduino/avr/cores/arduino/wiring_shift.c"  -o  "arduino/wiring_shift.c.o"   -Wall
Finished building: /usr/share/arduino/hardware/arduino/avr/cores/arduino/wiring_shift.c
 
Starting archiver
"/usr/bin/avr-ar" rcs  "/home/slg/projects/home_keeper/arduino/HomeKeeper/Release/arduino.ar"    ./arduino/CDC.cpp.o ./arduino/HID.cpp.o ./arduino/HardwareSerial.cpp.o ./arduino/HardwareSerial0.cpp.o ./arduino/HardwareSerial1.cpp.o ./arduino/HardwareSerial2.cpp.o ./arduino/HardwareSerial3.cpp.o ./arduino/IPAddress.cpp.o ./arduino/Print.cpp.o ./arduino/Stream.cpp.o ./arduino/Tone.cpp.o ./arduino/USBCore.cpp.o ./arduino/WInterrupts.c.o ./arduino/WMath.cpp.o ./arduino/WString.cpp.o ./arduino/abi.cpp.o ./arduino/hooks.c.o ./arduino/main.cpp.o ./arduino/new.cpp.o ./arduino/wiring.c.o ./arduino/wiring_analog.c.o ./arduino/wiring_digital.c.o ./arduino/wiring_pulse.c.o ./arduino/wiring_shift.c.o 
Finished building: arduino.ar
 
Starting combiner
"/usr/bin/avr-gcc" -Os -Wl,--gc-sections -mmcu=atmega328p  -o "/home/slg/projects/home_keeper/arduino/HomeKeeper/Release/HomeKeeper.elf"    ./HomeKeeper.cpp.o  ./Libraries/aJson/utility/stringbuffer.c.o  ./Libraries/aJson/aJSON.cpp.o  ./Libraries/EEPROMEx/EEPROMex.cpp.o   arduino.ar   "/home/slg/projects/home_keeper/arduino/HomeKeeper/Release/arduino.ar" "-L/home/slg/projects/home_keeper/arduino/HomeKeeper/Release" -lm
Finished building: HomeKeeper.elf
 
Create eeprom image
"/usr/bin/avr-objcopy" -O ihex -j .eeprom --set-section-flags=.eeprom=alloc,load --no-change-warnings --change-section-lma .eeprom=0  "/home/slg/projects/home_keeper/arduino/HomeKeeper/Release/HomeKeeper.elf" "/home/slg/projects/home_keeper/arduino/HomeKeeper/Release/HomeKeeper.eep"
Finished building: HomeKeeper.eep
 
Create Flash image (ihex format)
"/usr/bin/avr-objcopy" -O ihex -R .eeprom  "/home/slg/projects/home_keeper/arduino/HomeKeeper/Release/HomeKeeper.elf" "/home/slg/projects/home_keeper/arduino/HomeKeeper/Release/HomeKeeper.hex"
Finished building: HomeKeeper.hex
 
Building target: HomeKeeper
Printing size:
"/usr/bin/avr-size" -A "/home/slg/projects/home_keeper/arduino/HomeKeeper/Release/HomeKeeper.elf"
/home/slg/projects/home_keeper/arduino/HomeKeeper/Release/HomeKeeper.elf  :
section      size      addr
.data         264   8388864
.text       20778         0
.bss          609   8389128
.stab       52848         0
.stabstr   106186         0
.comment       42         0
Total      180727


Finished building target: HomeKeeper
 

23:01:25 Build Finished (took 7s.144ms)

