00:58:42 **** Incremental Build of configuration Release for project RadioSender ****
make all 
Building file: ../RadioSender.cpp
Starting C++ compile
"/usr/bin/avr-g++" -c -g -Os -fno-exceptions -ffunction-sections -fdata-sections -fno-threadsafe-statics -MMD -mmcu=atmega328p -DF_CPU=16000000L -DARDUINO=164 -DARDUINO_AVR_NANO -DARDUINO_ARCH_AVR     -I"/usr/share/arduino/hardware/arduino/avr/cores/arduino" -I"/usr/share/arduino/hardware/arduino/avr/variants/eightanaloginputs" -I"/home/slg/Arduino/libraries/RF24" -I"/usr/share/arduino/hardware/arduino/avr/libraries/SPI" -MMD -MP -MF"RadioSender.cpp.d" -MT"RadioSender.cpp.o" -D__IN_ECLIPSE__=1 -x c++ "../RadioSender.cpp"  -o  "RadioSender.cpp.o"   -Wall
Finished building: ../RadioSender.cpp
 
Starting combiner
"/usr/bin/avr-gcc" -Os -Wl,--gc-sections -mmcu=atmega328p  -o "/home/slg/projects/home_keeper/arduino/RadioSender/Release/RadioSender.elf"    ./RadioSender.cpp.o  ./Libraries/SPI/SPI.cpp.o  ./Libraries/RF24/RF24.cpp.o   arduino.ar   "/home/slg/projects/home_keeper/arduino/RadioSender/Release/arduino.ar" "-L/home/slg/projects/home_keeper/arduino/RadioSender/Release" -lm
Finished building: RadioSender.elf
 
Create eeprom image
"/usr/bin/avr-objcopy" -O ihex -j .eeprom --set-section-flags=.eeprom=alloc,load --no-change-warnings --change-section-lma .eeprom=0  "/home/slg/projects/home_keeper/arduino/RadioSender/Release/RadioSender.elf" "/home/slg/projects/home_keeper/arduino/RadioSender/Release/RadioSender.eep"
Finished building: RadioSender.eep
 
Create Flash image (ihex format)
"/usr/bin/avr-objcopy" -O ihex -R .eeprom  "/home/slg/projects/home_keeper/arduino/RadioSender/Release/RadioSender.elf" "/home/slg/projects/home_keeper/arduino/RadioSender/Release/RadioSender.hex"
Finished building: RadioSender.hex
 
Building target: RadioSender
Printing size:
"/usr/bin/avr-size" -A "/home/slg/projects/home_keeper/arduino/RadioSender/Release/RadioSender.elf"
/home/slg/projects/home_keeper/arduino/RadioSender/Release/RadioSender.elf  :
section     size      addr
.data         16   8388864
.text       4382         0
.bss         184   8388880
.stab      25980         0
.stabstr   58263         0
.comment      42         0
Total      88867


Finished building target: RadioSender
 

00:58:42 Build Finished (took 279ms)

